Determining if the pthread_create exist failed with the following output:
Change Dir: /home/cane/Workspace/RG47-rgalaga/dependencies/glfw-3.3/CMakeFiles/CMakeTmp

Run Build Command:"/usr/bin/make" "cmTC_dfc96/fast"
/usr/bin/make -f CMakeFiles/cmTC_dfc96.dir/build.make CMakeFiles/cmTC_dfc96.dir/build
make[1]: Entering directory '/home/cane/Workspace/RG47-rgalaga/dependencies/glfw-3.3/CMakeFiles/CMakeTmp'
Building C object CMakeFiles/cmTC_dfc96.dir/CheckSymbolExists.c.o
/usr/bin/cc     -o CMakeFiles/cmTC_dfc96.dir/CheckSymbolExists.c.o   -c /home/cane/Workspace/RG47-rgalaga/dependencies/glfw-3.3/CMakeFiles/CMakeTmp/CheckSymbolExists.c
Linking C executable cmTC_dfc96
/usr/bin/cmake -E cmake_link_script CMakeFiles/cmTC_dfc96.dir/link.txt --verbose=1
/usr/bin/cc       CMakeFiles/cmTC_dfc96.dir/CheckSymbolExists.c.o  -o cmTC_dfc96 -rdynamic 
CMakeFiles/cmTC_dfc96.dir/CheckSymbolExists.c.o: In function `main':
CheckSymbolExists.c:(.text+0x16): undefined reference to `pthread_create'
collect2: error: ld returned 1 exit status
CMakeFiles/cmTC_dfc96.dir/build.make:97: recipe for target 'cmTC_dfc96' failed
make[1]: *** [cmTC_dfc96] Error 1
make[1]: Leaving directory '/home/cane/Workspace/RG47-rgalaga/dependencies/glfw-3.3/CMakeFiles/CMakeTmp'
Makefile:126: recipe for target 'cmTC_dfc96/fast' failed
make: *** [cmTC_dfc96/fast] Error 2

File /home/cane/Workspace/RG47-rgalaga/dependencies/glfw-3.3/CMakeFiles/CMakeTmp/CheckSymbolExists.c:
/* */
#include <pthread.h>

int main(int argc, char** argv)
{
  (void)argv;
#ifndef pthread_create
  return ((int*)(&pthread_create))[argc];
#else
  (void)argc;
  return 0;
#endif
}

Determining if the function pthread_create exists in the pthreads failed with the following output:
Change Dir: /home/cane/Workspace/RG47-rgalaga/dependencies/glfw-3.3/CMakeFiles/CMakeTmp

Run Build Command:"/usr/bin/make" "cmTC_c8632/fast"
/usr/bin/make -f CMakeFiles/cmTC_c8632.dir/build.make CMakeFiles/cmTC_c8632.dir/build
make[1]: Entering directory '/home/cane/Workspace/RG47-rgalaga/dependencies/glfw-3.3/CMakeFiles/CMakeTmp'
Building C object CMakeFiles/cmTC_c8632.dir/CheckFunctionExists.c.o
/usr/bin/cc    -DCHECK_FUNCTION_EXISTS=pthread_create   -o CMakeFiles/cmTC_c8632.dir/CheckFunctionExists.c.o   -c /usr/share/cmake-3.5/Modules/CheckFunctionExists.c
Linking C executable cmTC_c8632
/usr/bin/cmake -E cmake_link_script CMakeFiles/cmTC_c8632.dir/link.txt --verbose=1
/usr/bin/cc   -DCHECK_FUNCTION_EXISTS=pthread_create    CMakeFiles/cmTC_c8632.dir/CheckFunctionExists.c.o  -o cmTC_c8632 -rdynamic -lpthreads 
/usr/bin/ld: cannot find -lpthreads
collect2: error: ld returned 1 exit status
CMakeFiles/cmTC_c8632.dir/build.make:97: recipe for target 'cmTC_c8632' failed
make[1]: *** [cmTC_c8632] Error 1
make[1]: Leaving directory '/home/cane/Workspace/RG47-rgalaga/dependencies/glfw-3.3/CMakeFiles/CMakeTmp'
Makefile:126: recipe for target 'cmTC_c8632/fast' failed
make: *** [cmTC_c8632/fast] Error 2


